<?xml version="1.0" encoding="UTF-8"?>
<!-- Generated by org.testng.reporters.JUnitReportReporter -->
<testsuite skipped="0" hostname="DESKTOP-27L8JE7" name="com.project.Salesforce.suitea.LoginTest" tests="1" failures="0" timestamp="25 Aug 2020 10:25:41 GMT" time="0.009" errors="0">
  <testcase name="f" time="0.009" classname="com.project.Salesforce.suitea.LoginTest"/>
</testsuite> <!-- com.project.Salesforce.suitea.LoginTest -->
