<?xml version="1.0" encoding="UTF-8"?>
<!-- Generated by org.testng.reporters.JUnitReportReporter -->
<testsuite skipped="0" hostname="DESKTOP-27L8JE7" name="com.project.MavenProject3PMBatch1.LinksTesting1" tests="1" failures="0" timestamp="11 Jun 2020 10:05:16 GMT" time="8.929" errors="0">
  <testcase name="linktesting1" time="8.929" classname="com.project.MavenProject3PMBatch1.LinksTesting1"/>
</testsuite> <!-- com.project.MavenProject3PMBatch1.LinksTesting1 -->
