<?xml version="1.0" encoding="UTF-8"?>
<!-- Generated by org.testng.reporters.JUnitReportReporter -->
<testsuite skipped="0" hostname="DESKTOP-27L8JE7" name="com.project.MavenProject3PMBatch1.TC_002" tests="1" failures="0" timestamp="2020-06-29T15:46:50 IST" time="18.723" errors="0">
  <testcase name="amazon" time="18.723" classname="com.project.MavenProject3PMBatch1.TC_002"/>
  <system-out>
Test started Running:amazon <a href='D:\AprilWorkSpace\MavenProject3PMBatch//success//Mon_Jun_29_15_46_30_IST_2020.png'> <img src='D:\AprilWorkSpace\MavenProject3PMBatch//success//Mon_Jun_29_15_46_30_IST_2020.png' height='100' width='100'/> </a> Test has Success:amazon  </system-out>
</testsuite> <!-- com.project.MavenProject3PMBatch1.TC_002 -->
