<?xml version="1.0" encoding="UTF-8"?>
<!-- Generated by org.testng.reporters.JUnitReportReporter -->
<testsuite skipped="0" hostname="DESKTOP-27L8JE7" name="com.project.MavenProject3PMBatch1.TC_002" tests="1" failures="0" timestamp="16 Jun 2020 10:01:18 GMT" time="17.248" errors="0">
  <testcase name="amazon" time="17.248" classname="com.project.MavenProject3PMBatch1.TC_002"/>
</testsuite> <!-- com.project.MavenProject3PMBatch1.TC_002 -->
