<?xml version="1.0" encoding="UTF-8"?>
<!-- Generated by org.testng.reporters.JUnitReportReporter -->
<testsuite skipped="0" hostname="DESKTOP-27L8JE7" name="com.project.MavenProject3PMBatch1.TC_002" tests="2" failures="0" timestamp="11 Jun 2020 10:42:28 GMT" time="87.862" errors="0">
  <testcase name="amazon" time="22.414" classname="com.project.MavenProject3PMBatch1.TC_002"/>
  <testcase name="amazon" time="65.448" classname="com.project.MavenProject3PMBatch1.TC_002"/>
</testsuite> <!-- com.project.MavenProject3PMBatch1.TC_002 -->
