<?xml version="1.0" encoding="UTF-8"?>
<!-- Generated by org.testng.reporters.JUnitReportReporter -->
<testsuite skipped="1" hostname="DESKTOP-27L8JE7" name="com.project.MavenProject3PMBatch1.TC_002" tests="2" failures="0" timestamp="2020-06-18T15:44:44 IST" time="20.980" errors="0">
  <testcase name="amazon" time="13.339" classname="com.project.MavenProject3PMBatch1.TC_002"/>
  <system-out>
Test started Running:amazon <a href='D:\AprilWorkSpace\MavenProject3PMBatch//success//Thu_Jun_18_15_44_21_IST_2020.png'> <img src='D:\AprilWorkSpace\MavenProject3PMBatch//success//Thu_Jun_18_15_44_21_IST_2020.png' height='100' width='100'/> </a> Test has Success:amazon  </system-out>
  <testcase name="test1" time="7.641" classname="com.project.MavenProject3PMBatch1.TC_002">
    <skipped/>
  </testcase> <!-- test1 -->
  <system-out>
Test started Running:test1 Test is skipped:test1  </system-out>
</testsuite> <!-- com.project.MavenProject3PMBatch1.TC_002 -->
